Using pre-set license
Built from '2020.3/staging' branch; Version is '2020.3.4f1 (0abb6314276a) revision 703331'; Using compiler version '192528614'; Build Type 'Release'
OS: 'Windows 10 Home; OS build 19042.1110; Version 2009; 64bit' Language: 'en' Physical Memory: 16215 MB
BatchMode: 1, IsHumanControllingUs: 0, StartBugReporterOnCrash: 0, Is64bit: 1, IsPro: 0

 COMMAND LINE ARGUMENTS:
C:\Program Files\Unity\Hub\Editor\2020.3.4f1\Editor\Unity.exe
-adb2
-batchMode
-noUpm
-name
AssetImportWorker0
-projectPath
C:/Users/TaoNa/Desktop/IWP/Actual_code/iwpUmbralHunter/Independent Work Project
-logFile
Logs/AssetImportWorker0.log
-srvPort
56524
Successfully changed project path to: C:/Users/TaoNa/Desktop/IWP/Actual_code/iwpUmbralHunter/Independent Work Project
C:/Users/TaoNa/Desktop/IWP/Actual_code/iwpUmbralHunter/Independent Work Project
Using Asset Import Pipeline V2.
Refreshing native plugins compatible for Editor in 31.43 ms, found 1 plugins.
Preloading 0 native plugins for Editor in 0.00 ms.
Initialize engine version: 2020.3.4f1 (0abb6314276a)
[Subsystems] Discovering subsystems at path C:/Program Files/Unity/Hub/Editor/2020.3.4f1/Editor/Data/Resources/UnitySubsystems
[Subsystems] Discovering subsystems at path C:/Users/TaoNa/Desktop/IWP/Actual_code/iwpUmbralHunter/Independent Work Project/Assets
GfxDevice: creating device client; threaded=0
Direct3D:
    Version:  Direct3D 11.0 [level 11.1]
    Renderer: NVIDIA GeForce RTX 2070 with Max-Q Design (ID=0x1f14)
    Vendor:   
    VRAM:     8031 MB
    Driver:   30.0.14.7141
Initialize mono
Mono path[0] = 'C:/Program Files/Unity/Hub/Editor/2020.3.4f1/Editor/Data/Managed'
Mono path[1] = 'C:/Program Files/Unity/Hub/Editor/2020.3.4f1/Editor/Data/MonoBleedingEdge/lib/mono/unityjit'
Mono config path = 'C:/Program Files/Unity/Hub/Editor/2020.3.4f1/Editor/Data/MonoBleedingEdge/etc'
Using monoOptions --debugger-agent=transport=dt_socket,embedding=1,server=y,suspend=n,address=127.0.0.1:56756
Begin MonoManager ReloadAssembly
Registering precompiled unity dll's ...
Register platform support module: C:/Program Files/Unity/Hub/Editor/2020.3.4f1/Editor/Data/PlaybackEngines/WindowsStandaloneSupport/UnityEditor.WindowsStandalone.Extensions.dll
Registered in 0.001494 seconds.
Native extension for WindowsStandalone target not found
Refreshing native plugins compatible for Editor in 31.08 ms, found 1 plugins.
Preloading 0 native plugins for Editor in 0.00 ms.
Mono: successfully reloaded assembly
- Completed reload, in  1.428 seconds
Platform modules already initialized, skipping
Registering precompiled user dll's ...
Registered in 0.000697 seconds.
Begin MonoManager ReloadAssembly
Native extension for WindowsStandalone target not found
Refreshing native plugins compatible for Editor in 35.44 ms, found 1 plugins.
Preloading 0 native plugins for Editor in 0.00 ms.
Mono: successfully reloaded assembly
- Completed reload, in  0.806 seconds
Platform modules already initialized, skipping
========================================================================
Worker process is ready to serve import requests
Launched and connected shader compiler UnityShaderCompiler.exe after 0.04 seconds
Refreshing native plugins compatible for Editor in 0.34 ms, found 1 plugins.
Preloading 0 native plugins for Editor in 0.00 ms.
Unloading 1969 Unused Serialized files (Serialized files now loaded: 0)
System memory in use before: 91.0 MB.
System memory in use after: 90.9 MB.

Unloading 25 unused Assets to reduce memory usage. Loaded Objects now: 2413.
Total: 1.841000 ms (FindLiveObjects: 0.189800 ms CreateObjectMapping: 0.125100 ms MarkObjects: 1.431300 ms  DeleteObjects: 0.094200 ms)

========================================================================
Received Import Request.
  path: Assets/Animator/Enemy_Test.controller
  artifactKey: Guid(51eaa7fa37d8b204aa66ddf068e5918f) Importer(815301076,1909f56bfc062723c751e8b465ee728b)
Start importing Assets/Animator/Enemy_Test.controller using Guid(51eaa7fa37d8b204aa66ddf068e5918f) Importer(815301076,1909f56bfc062723c751e8b465ee728b)  -> (artifact id: '8bf28894cbc8b24669bb6dac41681775') in 0.047413 seconds
  Import took 0.053091 seconds .

========================================================================
Received Import Request.
  Time since last request: 214.142744 seconds.
  path: Assets/Civilian_Patrol.cs
  artifactKey: Guid(6e7e0cf416c866a47b86cffd0c7b34f2) Importer(815301076,1909f56bfc062723c751e8b465ee728b)
Start importing Assets/Civilian_Patrol.cs using Guid(6e7e0cf416c866a47b86cffd0c7b34f2) Importer(815301076,1909f56bfc062723c751e8b465ee728b)  -> (artifact id: '6063a13e262f65d9ab813532bde2608a') in 0.016910 seconds
  Import took 0.021709 seconds .

========================================================================
Received Import Request.
  Time since last request: 293.069146 seconds.
  path: Assets/Civilian_Patrol.cs
  artifactKey: Guid(6e7e0cf416c866a47b86cffd0c7b34f2) Importer(815301076,1909f56bfc062723c751e8b465ee728b)
Start importing Assets/Civilian_Patrol.cs using Guid(6e7e0cf416c866a47b86cffd0c7b34f2) Importer(815301076,1909f56bfc062723c751e8b465ee728b)  -> (artifact id: '674b478c186d20b0bf21ececa6ccbc11') in 0.002527 seconds
  Import took 0.005553 seconds .

========================================================================
Received Prepare
Registering precompiled user dll's ...
Registered in 0.000655 seconds.
Begin MonoManager ReloadAssembly
Native extension for WindowsStandalone target not found
Refreshing native plugins compatible for Editor in 0.34 ms, found 1 plugins.
Preloading 0 native plugins for Editor in 0.00 ms.
Mono: successfully reloaded assembly
- Completed reload, in  0.728 seconds
Platform modules already initialized, skipping
Refreshing native plugins compatible for Editor in 0.34 ms, found 1 plugins.
Preloading 0 native plugins for Editor in 0.00 ms.
Unloading 1962 Unused Serialized files (Serialized files now loaded: 0)
System memory in use before: 90.8 MB.
System memory in use after: 90.8 MB.

Unloading 13 unused Assets to reduce memory usage. Loaded Objects now: 2417.
Total: 1.708700 ms (FindLiveObjects: 0.191000 ms CreateObjectMapping: 0.058900 ms MarkObjects: 1.380500 ms  DeleteObjects: 0.077000 ms)

========================================================================
Received Prepare
Registering precompiled user dll's ...
Registered in 0.001809 seconds.
Begin MonoManager ReloadAssembly
Native extension for WindowsStandalone target not found
Refreshing native plugins compatible for Editor in 0.35 ms, found 1 plugins.
Preloading 0 native plugins for Editor in 0.00 ms.
Mono: successfully reloaded assembly
- Completed reload, in  0.747 seconds
Platform modules already initialized, skipping
Refreshing native plugins compatible for Editor in 0.34 ms, found 1 plugins.
Preloading 0 native plugins for Editor in 0.00 ms.
Unloading 1962 Unused Serialized files (Serialized files now loaded: 0)
System memory in use before: 90.9 MB.
System memory in use after: 90.8 MB.

Unloading 13 unused Assets to reduce memory usage. Loaded Objects now: 2421.
Total: 2.026100 ms (FindLiveObjects: 0.239000 ms CreateObjectMapping: 0.082900 ms MarkObjects: 1.611500 ms  DeleteObjects: 0.091900 ms)

========================================================================
Received Import Request.
  Time since last request: 577.112973 seconds.
  path: Assets/Civilian_Patrol.cs
  artifactKey: Guid(6e7e0cf416c866a47b86cffd0c7b34f2) Importer(815301076,1909f56bfc062723c751e8b465ee728b)
Start importing Assets/Civilian_Patrol.cs using Guid(6e7e0cf416c866a47b86cffd0c7b34f2) Importer(815301076,1909f56bfc062723c751e8b465ee728b)  -> (artifact id: '977e87604fa90b1e16dfa5545131b82c') in 0.004676 seconds
  Import took 0.007169 seconds .

========================================================================
Received Prepare
Registering precompiled user dll's ...
Registered in 0.000721 seconds.
Begin MonoManager ReloadAssembly
Native extension for WindowsStandalone target not found
Refreshing native plugins compatible for Editor in 0.34 ms, found 1 plugins.
Preloading 0 native plugins for Editor in 0.00 ms.
Mono: successfully reloaded assembly
- Completed reload, in  0.723 seconds
Platform modules already initialized, skipping
Refreshing native plugins compatible for Editor in 0.33 ms, found 1 plugins.
Preloading 0 native plugins for Editor in 0.00 ms.
Unloading 1962 Unused Serialized files (Serialized files now loaded: 0)
System memory in use before: 90.9 MB.
System memory in use after: 90.9 MB.

Unloading 13 unused Assets to reduce memory usage. Loaded Objects now: 2425.
Total: 1.701300 ms (FindLiveObjects: 0.173300 ms CreateObjectMapping: 0.067700 ms MarkObjects: 1.380000 ms  DeleteObjects: 0.079700 ms)

========================================================================
Received Import Request.
  Time since last request: 233.467684 seconds.
  path: Assets/Prefabs/Arrow Dispensor.prefab
  artifactKey: Guid(f96fd16569f7c6e4c92c49ba2eb9a666) Importer(815301076,1909f56bfc062723c751e8b465ee728b)
Start importing Assets/Prefabs/Arrow Dispensor.prefab using Guid(f96fd16569f7c6e4c92c49ba2eb9a666) Importer(815301076,1909f56bfc062723c751e8b465ee728b)  -> (artifact id: '7559cc1feff0b7c1e3967108e2108429') in 0.074837 seconds
  Import took 0.077834 seconds .

========================================================================
Received Import Request.
  Time since last request: 0.000195 seconds.
  path: Assets/Prefabs/totem.prefab
  artifactKey: Guid(fdef6edbc9a5f464597fa976ea7bfd52) Importer(815301076,1909f56bfc062723c751e8b465ee728b)
Start importing Assets/Prefabs/totem.prefab using Guid(fdef6edbc9a5f464597fa976ea7bfd52) Importer(815301076,1909f56bfc062723c751e8b465ee728b)  -> (artifact id: '7ad1c96bf380cf3df91b3d5b6ab1fc2d') in 0.012293 seconds
  Import took 0.015050 seconds .

========================================================================
Received Import Request.
  Time since last request: 13.398786 seconds.
  path: Assets/Prefabs/WebHook.prefab
  artifactKey: Guid(8ba50170fa8f44240a15bedb0585f97d) Importer(815301076,1909f56bfc062723c751e8b465ee728b)
Start importing Assets/Prefabs/WebHook.prefab using Guid(8ba50170fa8f44240a15bedb0585f97d) Importer(815301076,1909f56bfc062723c751e8b465ee728b)  -> (artifact id: '8cb71bd4ce9eef98a687696a69085b2a') in 0.013330 seconds
  Import took 0.016946 seconds .

========================================================================
Received Import Request.
  Time since last request: 0.005073 seconds.
  path: Assets/Prefabs/WebHook.prefab
  artifactKey: Guid(8ba50170fa8f44240a15bedb0585f97d) Importer(815301076,1909f56bfc062723c751e8b465ee728b)
Start importing Assets/Prefabs/WebHook.prefab using Guid(8ba50170fa8f44240a15bedb0585f97d) Importer(815301076,1909f56bfc062723c751e8b465ee728b)  -> (artifact id: '8cb71bd4ce9eef98a687696a69085b2a') in 0.013137 seconds
  Import took 0.016314 seconds .

========================================================================
Received Import Request.
  Time since last request: 28.869456 seconds.
  path: Assets/Prefabs/WebSling.prefab
  artifactKey: Guid(2a5d3fa6676c739459bba907636361b3) Importer(815301076,1909f56bfc062723c751e8b465ee728b)
Start importing Assets/Prefabs/WebSling.prefab using Guid(2a5d3fa6676c739459bba907636361b3) Importer(815301076,1909f56bfc062723c751e8b465ee728b)  -> (artifact id: 'a61b0ce8f7cf14d05c4597e4c7eb85ba') in 0.015857 seconds
  Import took 0.019387 seconds .

========================================================================
Received Prepare
Registering precompiled user dll's ...
Registered in 0.000877 seconds.
Begin MonoManager ReloadAssembly
Native extension for WindowsStandalone target not found
Refreshing native plugins compatible for Editor in 0.34 ms, found 1 plugins.
Preloading 0 native plugins for Editor in 0.00 ms.
Mono: successfully reloaded assembly
- Completed reload, in  0.761 seconds
Platform modules already initialized, skipping
Refreshing native plugins compatible for Editor in 0.34 ms, found 1 plugins.
Preloading 0 native plugins for Editor in 0.00 ms.
Unloading 1963 Unused Serialized files (Serialized files now loaded: 0)
System memory in use before: 94.0 MB.
System memory in use after: 94.0 MB.

Unloading 13 unused Assets to reduce memory usage. Loaded Objects now: 2437.
Total: 1.889600 ms (FindLiveObjects: 0.190200 ms CreateObjectMapping: 0.055000 ms MarkObjects: 1.564700 ms  DeleteObjects: 0.078800 ms)

========================================================================
Received Prepare
Registering precompiled user dll's ...
Registered in 0.001606 seconds.
Begin MonoManager ReloadAssembly
Native extension for WindowsStandalone target not found
Refreshing native plugins compatible for Editor in 0.33 ms, found 1 plugins.
Preloading 0 native plugins for Editor in 0.00 ms.
Mono: successfully reloaded assembly
- Completed reload, in  0.698 seconds
Platform modules already initialized, skipping
Refreshing native plugins compatible for Editor in 0.37 ms, found 1 plugins.
Preloading 0 native plugins for Editor in 0.00 ms.
Unloading 1963 Unused Serialized files (Serialized files now loaded: 0)
System memory in use before: 94.0 MB.
System memory in use after: 94.0 MB.

Unloading 13 unused Assets to reduce memory usage. Loaded Objects now: 2441.
Total: 2.344700 ms (FindLiveObjects: 0.537500 ms CreateObjectMapping: 0.085800 ms MarkObjects: 1.619200 ms  DeleteObjects: 0.101300 ms)

========================================================================
Received Prepare
Registering precompiled user dll's ...
Registered in 0.033968 seconds.
Begin MonoManager ReloadAssembly
Native extension for WindowsStandalone target not found
Refreshing native plugins compatible for Editor in 0.35 ms, found 1 plugins.
Preloading 0 native plugins for Editor in 0.00 ms.
Mono: successfully reloaded assembly
- Completed reload, in  0.768 seconds
Platform modules already initialized, skipping
Refreshing native plugins compatible for Editor in 0.33 ms, found 1 plugins.
Preloading 0 native plugins for Editor in 0.00 ms.
Unloading 1963 Unused Serialized files (Serialized files now loaded: 0)
System memory in use before: 94.0 MB.
System memory in use after: 94.0 MB.

Unloading 13 unused Assets to reduce memory usage. Loaded Objects now: 2445.
Total: 1.858000 ms (FindLiveObjects: 0.201200 ms CreateObjectMapping: 0.059000 ms MarkObjects: 1.444300 ms  DeleteObjects: 0.152700 ms)

========================================================================
Received Prepare
Registering precompiled user dll's ...
Registered in 0.000848 seconds.
Begin MonoManager ReloadAssembly
Native extension for WindowsStandalone target not found
Refreshing native plugins compatible for Editor in 0.33 ms, found 1 plugins.
Preloading 0 native plugins for Editor in 0.00 ms.
Mono: successfully reloaded assembly
- Completed reload, in  0.722 seconds
Platform modules already initialized, skipping
Refreshing native plugins compatible for Editor in 0.33 ms, found 1 plugins.
Preloading 0 native plugins for Editor in 0.00 ms.
Unloading 1963 Unused Serialized files (Serialized files now loaded: 0)
System memory in use before: 94.0 MB.
System memory in use after: 94.0 MB.

Unloading 13 unused Assets to reduce memory usage. Loaded Objects now: 2449.
Total: 2.158500 ms (FindLiveObjects: 0.198200 ms CreateObjectMapping: 0.168000 ms MarkObjects: 1.710900 ms  DeleteObjects: 0.080600 ms)

========================================================================
Received Prepare
Registering precompiled user dll's ...
Registered in 0.000802 seconds.
Begin MonoManager ReloadAssembly
Native extension for WindowsStandalone target not found
Refreshing native plugins compatible for Editor in 0.34 ms, found 1 plugins.
Preloading 0 native plugins for Editor in 0.00 ms.
Mono: successfully reloaded assembly
- Completed reload, in  0.731 seconds
Platform modules already initialized, skipping
Refreshing native plugins compatible for Editor in 0.35 ms, found 1 plugins.
Preloading 0 native plugins for Editor in 0.00 ms.
Unloading 1963 Unused Serialized files (Serialized files now loaded: 0)
System memory in use before: 94.1 MB.
System memory in use after: 94.0 MB.

Unloading 13 unused Assets to reduce memory usage. Loaded Objects now: 2453.
Total: 2.364500 ms (FindLiveObjects: 0.366700 ms CreateObjectMapping: 0.067100 ms MarkObjects: 1.794100 ms  DeleteObjects: 0.135800 ms)

========================================================================
Received Prepare
Registering precompiled user dll's ...
Registered in 0.000837 seconds.
Begin MonoManager ReloadAssembly
Native extension for WindowsStandalone target not found
Refreshing native plugins compatible for Editor in 0.33 ms, found 1 plugins.
Preloading 0 native plugins for Editor in 0.00 ms.
Mono: successfully reloaded assembly
- Completed reload, in  0.735 seconds
Platform modules already initialized, skipping
Refreshing native plugins compatible for Editor in 0.55 ms, found 1 plugins.
Preloading 0 native plugins for Editor in 0.00 ms.
Unloading 1963 Unused Serialized files (Serialized files now loaded: 0)
System memory in use before: 94.1 MB.
System memory in use after: 94.0 MB.

Unloading 13 unused Assets to reduce memory usage. Loaded Objects now: 2457.
Total: 3.257000 ms (FindLiveObjects: 0.383900 ms CreateObjectMapping: 0.149300 ms MarkObjects: 2.575400 ms  DeleteObjects: 0.146400 ms)

========================================================================
Received Prepare
Registering precompiled user dll's ...
Registered in 0.001198 seconds.
Begin MonoManager ReloadAssembly
Native extension for WindowsStandalone target not found
Refreshing native plugins compatible for Editor in 0.42 ms, found 1 plugins.
Preloading 0 native plugins for Editor in 0.00 ms.
Mono: successfully reloaded assembly
- Completed reload, in  0.844 seconds
Platform modules already initialized, skipping
Refreshing native plugins compatible for Editor in 0.50 ms, found 1 plugins.
Preloading 0 native plugins for Editor in 0.00 ms.
Unloading 1963 Unused Serialized files (Serialized files now loaded: 0)
System memory in use before: 94.1 MB.
System memory in use after: 94.1 MB.

Unloading 13 unused Assets to reduce memory usage. Loaded Objects now: 2461.
Total: 2.413300 ms (FindLiveObjects: 0.268200 ms CreateObjectMapping: 0.093500 ms MarkObjects: 1.953200 ms  DeleteObjects: 0.096900 ms)

========================================================================
Received Prepare
Registering precompiled user dll's ...
Registered in 0.000917 seconds.
Begin MonoManager ReloadAssembly
Native extension for WindowsStandalone target not found
Refreshing native plugins compatible for Editor in 0.33 ms, found 1 plugins.
Preloading 0 native plugins for Editor in 0.00 ms.
Mono: successfully reloaded assembly
- Completed reload, in  0.736 seconds
Platform modules already initialized, skipping
Refreshing native plugins compatible for Editor in 0.32 ms, found 1 plugins.
Preloading 0 native plugins for Editor in 0.00 ms.
Unloading 1963 Unused Serialized files (Serialized files now loaded: 0)
System memory in use before: 94.1 MB.
System memory in use after: 94.1 MB.

Unloading 13 unused Assets to reduce memory usage. Loaded Objects now: 2465.
Total: 2.609000 ms (FindLiveObjects: 0.512700 ms CreateObjectMapping: 0.257600 ms MarkObjects: 1.754100 ms  DeleteObjects: 0.082500 ms)

========================================================================
Received Prepare
Registering precompiled user dll's ...
Registered in 0.000680 seconds.
Begin MonoManager ReloadAssembly
Native extension for WindowsStandalone target not found
Refreshing native plugins compatible for Editor in 0.35 ms, found 1 plugins.
Preloading 0 native plugins for Editor in 0.00 ms.
Mono: successfully reloaded assembly
- Completed reload, in  0.738 seconds
Platform modules already initialized, skipping
Refreshing native plugins compatible for Editor in 0.35 ms, found 1 plugins.
Preloading 0 native plugins for Editor in 0.00 ms.
Unloading 1963 Unused Serialized files (Serialized files now loaded: 0)
System memory in use before: 94.1 MB.
System memory in use after: 94.1 MB.

Unloading 13 unused Assets to reduce memory usage. Loaded Objects now: 2469.
Total: 1.996600 ms (FindLiveObjects: 0.303100 ms CreateObjectMapping: 0.068500 ms MarkObjects: 1.436100 ms  DeleteObjects: 0.187900 ms)

========================================================================
Received Prepare
Registering precompiled user dll's ...
Registered in 0.000704 seconds.
Begin MonoManager ReloadAssembly
Native extension for WindowsStandalone target not found
Refreshing native plugins compatible for Editor in 0.57 ms, found 1 plugins.
Preloading 0 native plugins for Editor in 0.00 ms.
Mono: successfully reloaded assembly
- Completed reload, in  0.762 seconds
Platform modules already initialized, skipping
Refreshing native plugins compatible for Editor in 0.34 ms, found 1 plugins.
Preloading 0 native plugins for Editor in 0.00 ms.
Unloading 1963 Unused Serialized files (Serialized files now loaded: 0)
System memory in use before: 94.1 MB.
System memory in use after: 94.1 MB.

Unloading 13 unused Assets to reduce memory usage. Loaded Objects now: 2473.
Total: 1.842200 ms (FindLiveObjects: 0.289800 ms CreateObjectMapping: 0.060500 ms MarkObjects: 1.411900 ms  DeleteObjects: 0.079100 ms)

AssetImportWorkerClient::OnTransportError - code=2 error=End of file
